<?xml version="1.0" encoding="UTF-8" ?>
<testsuites>

  <testsuite name="Given arrays of revisions When searching start values for a field" errors="0" tests="7" failures="0" time="0.014" timestamp="2014-11-26T23:30:50.040Z">
    
      <testcase assertions="3" classname="Given arrays of revisions When searching start values for a field" name="should find the revisions that entered two states" time="0.009">
        
      </testcase>
    
      <testcase assertions="1" classname="Given arrays of revisions When searching start values for a field" name="should return empty array if only the start state is found" time="0">
        
      </testcase>
    
      <testcase assertions="1" classname="Given arrays of revisions When searching start values for a field" name="should return empty array if only the end state is found" time="0">
        
      </testcase>
    
      <testcase assertions="1" classname="Given arrays of revisions When searching start values for a field" name="should return empty array if neither state is found" time="0">
        
      </testcase>
    
      <testcase assertions="3" classname="Given arrays of revisions When searching start values for a field" name="should return very first start state and very last end state if it enters those states multiple times" time="0">
        
      </testcase>
    
      <testcase assertions="3" classname="Given arrays of revisions When searching start values for a field" name="should return very first start state and very last end state if it enters the end state multiple times" time="0.001">
        
      </testcase>
    
      <testcase assertions="3" classname="Given arrays of revisions When searching start values for a field" name="should assume the creation state is the initial one if provided in the time frame" time="0">
        
      </testcase>
    
  </testsuite>

</testsuites>