<?xml version="1.0" encoding="UTF-8" ?>
<testsuites>

  <testsuite name="Given arrays of revisions When searching all changes to a field When given a set of state changes, provide a list of items in each state each day" errors="0" tests="1" failures="1" time="0.001" timestamp="2014-11-30T18:16:29.281Z">
    
      <testcase assertions="1" classname="Given arrays of revisions When searching all changes to a field When given a set of state changes, provide a list of items in each state each day" name="encountered a declaration exception" time="0">
        
          <failure>TypeError: 'undefined' is not an object (evaluating 'Rally.technicalservices.util') in file:///Users/jmartin/views/2014/apps/cba/onprem-flow-apps/cycletime/test/fast/ts-history-find-changes-spec.js (line 66)</failure>
        
      </testcase>
    
  </testsuite>

</testsuites>