<?xml version="1.0" encoding="UTF-8" ?>
<testsuites>

  <testsuite name="Example test set" errors="0" tests="1" failures="1" time="0.007" timestamp="2014-11-18T22:33:03.560Z">
    
      <testcase assertions="1" classname="Example test set" name="should have written tests" time="0.005">
        
          <failure>Expected false to be true.</failure>
        
      </testcase>
    
  </testsuite>

</testsuites>