<?xml version="1.0" encoding="UTF-8" ?>
<testsuites>

<<<<<<< HEAD
  <testsuite name="Given arrays of revisions When searching all changes to a field" errors="0" tests="2" failures="0" time="0.019" timestamp="2014-12-07T02:24:24.884Z">
=======
  <testsuite name="Given arrays of revisions When searching all changes to a field" errors="0" tests="2" failures="0" time="0.022" timestamp="2014-12-01T23:44:02.360Z">
>>>>>>> 01a602c2f3eda08ee92005c20aa43670b6959f45
    
      <testcase assertions="4" classname="Given arrays of revisions When searching all changes to a field" name="should find the state changes in an array" time="0.005">
        
      </testcase>
    
      <testcase assertions="5" classname="Given arrays of revisions When searching all changes to a field" name="should determine the initial state if creation revision is provided" time="0">
        
      </testcase>
    
  </testsuite>

</testsuites>