<?xml version="1.0" encoding="UTF-8" ?>
<testsuites>

  <testsuite name="Given description strings When searching start values for a field" errors="0" tests="1" failures="0" time="0.002" timestamp="2014-11-19T02:17:25.603Z">
    
      <testcase assertions="3" classname="Given description strings When searching start values for a field" name="should find the old and new values for a given field" time="0.002">
        
      </testcase>
    
  </testsuite>

</testsuites>