<?xml version="1.0" encoding="UTF-8" ?>
<testsuites>

  <testsuite name="Given arrays of revisions When searching all changes to a field" errors="0" tests="2" failures="0" time="0.02" timestamp="2014-12-01T03:25:50.255Z">
    
      <testcase assertions="4" classname="Given arrays of revisions When searching all changes to a field" name="should find the state changes in an array" time="0.006">
        
      </testcase>
    
      <testcase assertions="5" classname="Given arrays of revisions When searching all changes to a field" name="should determine the initial state if creation revision is provided" time="0.001">
        
      </testcase>
    
  </testsuite>

</testsuites>